Date:  2020-01-10 09:41:20am : Token url:"https:\/\/checkout.sandbox.bka.sh\/v1.2.0-beta\/checkout\/token\/grant"
Date:  2020-01-10 09:41:20am : Token Heder:[
    "Content-Type:application\/json",
    "password:test%#de23@msdao",
    "username:testdemo"
]
Date:  2020-01-10 09:41:20am : Token post:{
    "app_key": "5nej5keguopj928ekcj3dne8p",
    "app_secret": "1honf6u1c56mqcivtc9ffl960slp4v2756jle5925nbooa46ch62"
}
Date:  2020-01-10 09:41:21am : Token result:"{\"token_type\": \"Bearer\", \"id_token\": \"eyJraWQiOiJmalhJQmwxclFUXC9hM215MG9ScXpEdVZZWk5KXC9qRTNJOFBaeGZUY3hlamc9IiwiYWxnIjoiUlMyNTYifQ.eyJzdWIiOiI4ZGU4ZjBlMC1mY2RjLTQyNzMtYjY4YS1iNDAwOWNjZjc3ZDEiLCJhdWQiOiI1bmVqNWtlZ3VvcGo5Mjhla2NqM2RuZThwIiwiZXZlbnRfaWQiOiI5MWE2ZmI5OC1lOWE3LTQzMzItOWY5Ni0wZjJhYjIwODc2MzYiLCJ0b2tlbl91c2UiOiJpZCIsImF1dGhfdGltZSI6MTU3ODYyNzY4NiwiaXNzIjoiaHR0cHM6XC9cL2NvZ25pdG8taWRwLmFwLXNvdXRoZWFzdC0xLmFtYXpvbmF3cy5jb21cL2FwLXNvdXRoZWFzdC0xX2tmNUJTTm9QZSIsImNvZ25pdG86dXNlcm5hbWUiOiJ0ZXN0ZGVtbyIsImV4cCI6MTU3ODYzMTI4NiwiaWF0IjoxNTc4NjI3Njg2fQ.Pe_DVZteYB98RAXsBFSXJ5BnzbVuykv_QqWtyMmHHQtX1cCdYqOEYuAIyhwfj6el6xcA6m3EcSBMYFz8RMHkUq0R9OsejXGEZ8VEf6OsPQ_3a6BmBhe2Sf_8S3akELTkBn5NDANgoBYsmE53nUlQpTIdTj2LzqtACjIosTCS65QAPILg00jtUqm2MTlwatlRNrbnhKGCaaBWOuzLg-qS5JbHDDiSSmAn6hs_9tlXPnFbWWCj_0KabBRBFNYk_WGupM0MHL_93Ef7r_VJPdVbOWyO2I7F5mZm8t8JjDFxMvXLdpzG4x00nCN7F5l9_mpbi5qzwDMUbj7KcLknVWcxpw\", \"expires_in\": 3600, \"refresh_token\": \"eyJjdHkiOiJKV1QiLCJlbmMiOiJBMjU2R0NNIiwiYWxnIjoiUlNBLU9BRVAifQ.fUGbq6paJ7XG4XINOk_Fl1K7Qp9LU0L1-82AgTu45znh8XEb-I3jOgxHwcNtrgfgqDIhkmRKRPcbnpFcIcXIgeWekhFSGwC5MWJ1uRky2C9nhsV5CO6CLOf8YhbVGa2eINpIDwjNLJSXl__W6ZMEnr3727pUjeN7_49EU8XIIveg2bMPSv-LD3WcaMSVFZ-VDk2X60CLK4jvEjCQnwx4Ivdbu95c5PshMdz1aNcVKyHw9aQHGUKSyM69oB0-2eQzfEO0YVc6PcDlnhIcoqUbq3hzR9lk99FgJx090r-eLvpMSbAOgF8sOKpvb972DpDQ5z-SpPmRMkioyDA-uxsOzQ.PNbNdqFcimFmZo4V.HfzylTP3vf2vzNVi1RC6z3LO2GIKWpqz5RGIlcMWxlIV0RRgbqUHXPX3Bkdjqc-HCy9ox6DkF7XoSTAfM-Mj3Bie19nccRHhvFlGvVXRdYBx2DcPBbTL5vLD4MC85p_ioN6fRT6imE5BDtd_EMREe3lCFKtN_D_z42La0Tv5MXlgkAj3Z38lr69y6WVcmQ0UhQPTxZYsuDf0L1a7DOETMfxJAsBn-HIItvpo8lNoQc0unxwglXNDHPzVLQujJQ3X2tuzQhgtHRii1jvvy2E7UUdWtR_N79o8HKL5K9aRQfHapPY4cVKrymU5RiO2ttLQcmO23P33stppawo02TV1FHF2mPND6PUUyJbMYeaQ5gKR60DMnLpTuylMkD6qTs9kNfzcFcZK202vkY0HuE2XENTXDYyY-13hRQg_Px1RW-eYrihqc-LJ0zylD1lFSwXbNPXgnllVVRk1DUeawt3Gzo5haKkI1CVGYYP1PwTpq7XMaqFahWC-I0NaxI9PWcAwVZW6p2-joLkfSYf3FOsDbgawkJYOpcH1sd-pXumOxzxE7DrmNcRJFBe9lZQCswXa8f7KoYxzC05AW0sa5aS9O1P1Vj00QRjbzXt2DKcQCjYJJGL-5emp9s_NOWwiOv0T0kroX19DPglmAFEYvx1U9s4xZVcODeq5YffekxvhS_URb6kVN8dZSm4azePmA6OxL8odmM11X7bKRbWo1jHVZSrhGNnVvExahwFL8AqvQDGlBKmWrRRLEPzzc4nNlxOw4irQFTYmpvGMVDQs6LX30PDZ4a3Ua8jMTcB9JKLAE2cPQUMNC7FFntH94ntXc4yD0hmvT00_AK8NQxatu5AvT6LGB3CHsRmMnx4OMVMJFd0mPBg9ViJopiQXHUj9Y_SunP5clrzb6Eym_kB7M10ooI-oNJVAMcifs30wg4c5wfcF2ys5OcDhVFbSDq_BBVBNeWNSJqDR2t_5Ick2OH4f_tKD9Ee98BHv7y72wCNYLe7gYgMwW8eFbBjkfX8yQyl8Tb5KUlqEDsKFDo0b84gnoF1HkHwz3gU9cRmkc-PGXGc8csBSENLN53UJrrY8YgSxVNx_tEMPnuvtZgjEVE0VKo4MtasrWtO13Db2sf2y6ptbO9GYYtzt64VQvTvfaseY54eqTm7V0TnL8Ff6tpYD2jG1UA0N65CnCQNVqDIO3WYtXaW4LL7l9eYWaNVo_AjXQEb1F-8zkiWapdIpxq2CbJ2tVBeoJaPycpHf_orKVFsnDmtv_YO1HZSynnjQLAy4w_wiIoIGXAhcyyg86DBbWKMR.RiHM09AzYOXIpQ4T7VYtgg\"}"
Date:  2020-01-10 09:41:21am : create url:"https:\/\/checkout.sandbox.bka.sh\/v1.2.0-beta\/checkout\/payment\/create"
Date:  2020-01-10 09:41:21am : create Heder:[
    "Content-Type:application\/json",
    "authorization:eyJraWQiOiJmalhJQmwxclFUXC9hM215MG9ScXpEdVZZWk5KXC9qRTNJOFBaeGZUY3hlamc9IiwiYWxnIjoiUlMyNTYifQ.eyJzdWIiOiI4ZGU4ZjBlMC1mY2RjLTQyNzMtYjY4YS1iNDAwOWNjZjc3ZDEiLCJhdWQiOiI1bmVqNWtlZ3VvcGo5Mjhla2NqM2RuZThwIiwiZXZlbnRfaWQiOiI5MWE2ZmI5OC1lOWE3LTQzMzItOWY5Ni0wZjJhYjIwODc2MzYiLCJ0b2tlbl91c2UiOiJpZCIsImF1dGhfdGltZSI6MTU3ODYyNzY4NiwiaXNzIjoiaHR0cHM6XC9cL2NvZ25pdG8taWRwLmFwLXNvdXRoZWFzdC0xLmFtYXpvbmF3cy5jb21cL2FwLXNvdXRoZWFzdC0xX2tmNUJTTm9QZSIsImNvZ25pdG86dXNlcm5hbWUiOiJ0ZXN0ZGVtbyIsImV4cCI6MTU3ODYzMTI4NiwiaWF0IjoxNTc4NjI3Njg2fQ.Pe_DVZteYB98RAXsBFSXJ5BnzbVuykv_QqWtyMmHHQtX1cCdYqOEYuAIyhwfj6el6xcA6m3EcSBMYFz8RMHkUq0R9OsejXGEZ8VEf6OsPQ_3a6BmBhe2Sf_8S3akELTkBn5NDANgoBYsmE53nUlQpTIdTj2LzqtACjIosTCS65QAPILg00jtUqm2MTlwatlRNrbnhKGCaaBWOuzLg-qS5JbHDDiSSmAn6hs_9tlXPnFbWWCj_0KabBRBFNYk_WGupM0MHL_93Ef7r_VJPdVbOWyO2I7F5mZm8t8JjDFxMvXLdpzG4x00nCN7F5l9_mpbi5qzwDMUbj7KcLknVWcxpw",
    "x-app-key:5nej5keguopj928ekcj3dne8p"
]
Date:  2020-01-10 09:41:21am : create Body:{
    "amount": "2",
    "currency": "BDT",
    "merchantInvoiceNumber": "2020011000376",
    "intent": "sale"
}
Date:  2020-01-10 09:41:22am : create result:"{\"paymentID\":\"3ZQKKH91578627686460\",\"createTime\":\"2020-01-10T03:41:26:532 GMT+0000\",\"orgLogo\":\"https:\/\/s3-ap-southeast-1.amazonaws.com\/merchantlogo.sandbox.bka.sh\/merchant-default-logo.png\",\"orgName\":\"TestCheckoutMerchant2\",\"transactionStatus\":\"Initiated\",\"amount\":\"2\",\"currency\":\"BDT\",\"intent\":\"sale\",\"merchantInvoiceNumber\":\"2020011000376\"}"
Date:  2020-01-10 09:41:41am : execute url:https://checkout.sandbox.bka.sh/v1.2.0-beta/checkout/payment/execute/3ZQKKH91578627686460
Date:  2020-01-10 09:41:41am : execute Heder:[
    "Content-Type:application\/json",
    "authorization:eyJraWQiOiJmalhJQmwxclFUXC9hM215MG9ScXpEdVZZWk5KXC9qRTNJOFBaeGZUY3hlamc9IiwiYWxnIjoiUlMyNTYifQ.eyJzdWIiOiI4ZGU4ZjBlMC1mY2RjLTQyNzMtYjY4YS1iNDAwOWNjZjc3ZDEiLCJhdWQiOiI1bmVqNWtlZ3VvcGo5Mjhla2NqM2RuZThwIiwiZXZlbnRfaWQiOiI5MWE2ZmI5OC1lOWE3LTQzMzItOWY5Ni0wZjJhYjIwODc2MzYiLCJ0b2tlbl91c2UiOiJpZCIsImF1dGhfdGltZSI6MTU3ODYyNzY4NiwiaXNzIjoiaHR0cHM6XC9cL2NvZ25pdG8taWRwLmFwLXNvdXRoZWFzdC0xLmFtYXpvbmF3cy5jb21cL2FwLXNvdXRoZWFzdC0xX2tmNUJTTm9QZSIsImNvZ25pdG86dXNlcm5hbWUiOiJ0ZXN0ZGVtbyIsImV4cCI6MTU3ODYzMTI4NiwiaWF0IjoxNTc4NjI3Njg2fQ.Pe_DVZteYB98RAXsBFSXJ5BnzbVuykv_QqWtyMmHHQtX1cCdYqOEYuAIyhwfj6el6xcA6m3EcSBMYFz8RMHkUq0R9OsejXGEZ8VEf6OsPQ_3a6BmBhe2Sf_8S3akELTkBn5NDANgoBYsmE53nUlQpTIdTj2LzqtACjIosTCS65QAPILg00jtUqm2MTlwatlRNrbnhKGCaaBWOuzLg-qS5JbHDDiSSmAn6hs_9tlXPnFbWWCj_0KabBRBFNYk_WGupM0MHL_93Ef7r_VJPdVbOWyO2I7F5mZm8t8JjDFxMvXLdpzG4x00nCN7F5l9_mpbi5qzwDMUbj7KcLknVWcxpw",
    "x-app-key:5nej5keguopj928ekcj3dne8p"
]
Date:  2020-01-10 09:41:54am : execute result:"{\"paymentID\":\"3ZQKKH91578627686460\",\"createTime\":\"2020-01-10T03:41:26:532 GMT+0000\",\"updateTime\":\"2020-01-10T03:41:58:456 GMT+0000\",\"trxID\":\"7AA701TSGN\",\"transactionStatus\":\"Completed\",\"amount\":\"2\",\"currency\":\"BDT\",\"intent\":\"sale\",\"merchantInvoiceNumber\":\"2020011000376\"}"
